0xCBE15CD8|C:\Users\Jordi Martinez\Downloads\Texmod\Out\PCSX2.EXE_0xCBE15CD8.dds
0x06EA8095|C:\Users\Jordi Martinez\Downloads\Texmod\Out\PCSX2.EXE_0x06EA8095.dds
0xE4DE4C05|C:\Users\Jordi Martinez\Downloads\Texmod\Out\PCSX2.EXE_0xE4DE4C05.dds
0x72E1AAE1|C:\Users\Jordi Martinez\Downloads\Texmod\Out\PCSX2.EXE_0x72E1AAE1.dds
0x72E1AAE1|C:\Users\Jordi Martinez\Downloads\Texmod\Out\PCSX2.EXE_0x72E1AAE1.dds
0xA71218EF|C:\Users\Jordi Martinez\Downloads\Texmod\Out\PCSX2.EXE_0xA71218EF.dds
0x902EA032|C:\Users\Jordi Martinez\Downloads\Texmod\Out\PCSX2.EXE_0x902EA032.dds
0x902EA032|C:\Users\Jordi Martinez\Downloads\Texmod\Out\PCSX2.EXE_0x902EA032.dds
0x85B9EC93|C:\Users\Jordi Martinez\Downloads\Texmod\Out\PCSX2.EXE_0x85B9EC93.dds
0xFA70F724|C:\Users\Jordi Martinez\Downloads\Texmod\Out\PCSX2.EXE_0xFA70F724.dds
0x6E1FD525|C:\Users\Jordi Martinez\Downloads\Texmod\Out\PCSX2.EXE_0x6E1FD525.dds
0x2AC638A3|C:\Users\Jordi Martinez\Downloads\Texmod\Out\PCSX2.EXE_0x2AC638A3.dds
0x02D9AC34|C:\Users\Jordi Martinez\Downloads\Texmod\Out\PCSX2.EXE_0x02D9AC34.dds
0x06EA8095|C:\Users\Jordi Martinez\Downloads\Texmod\Out\PCSX2.EXE_0x06EA8095.dds
0x31684194|C:\Users\Jordi Martinez\Downloads\Texmod\Out\PCSX2.EXE_0x31684194.dds
0x2AC638A3|C:\Users\Jordi Martinez\Downloads\Texmod\Out\PCSX2.EXE_0x2AC638A3.dds
0xFA70F724|C:\Users\Jordi Martinez\Downloads\Texmod\Out\PCSX2.EXE_0xFA70F724.dds
0x40E99179|C:\Users\Jordi Martinez\Downloads\Texmod\Out\PCSX2.EXE_0x40E99179.dds
0xF39FC00E|C:\Users\Jordi Martinez\Downloads\Texmod\Out\PCSX2.EXE_0xF39FC00E.dds
0xFE7D074C|C:\Users\Jordi Martinez\Downloads\Texmod\Out\PCSX2.EXE_0xFE7D074C.dds
0x09BFE9CA|C:\Users\Jordi Martinez\Downloads\Texmod\Out\PCSX2.EXE_0x09BFE9CA.dds
0xC4379C4F|C:\Users\Jordi Martinez\Downloads\Texmod\Out\PCSX2.EXE_0xC4379C4F.dds
